[Sun Sep  7 23:34:54 2025] PHP 8.3.6 Development Server (http://localhost:8000) started
[Sun Sep  7 23:34:56 2025] [::1]:50484 Accepted
[Sun Sep  7 23:34:56 2025] [::1]:50484 [200]: GET /
[Sun Sep  7 23:34:56 2025] [::1]:50484 Closing
[Sun Sep  7 23:35:05 2025] [::1]:33344 Accepted
[Sun Sep  7 23:35:05 2025] [::1]:33344 [200]: GET /admin/
[Sun Sep  7 23:35:05 2025] [::1]:33344 Closing
[Sun Sep  7 23:35:12 2025] [::1]:33358 Accepted
[Sun Sep  7 23:35:12 2025] [::1]:33358 [200]: GET /search.php
[Sun Sep  7 23:35:12 2025] [::1]:33358 Closing
[Sun Sep  7 23:36:05 2025] [::1]:49480 Accepted
[Sun Sep  7 23:36:06 2025] [::1]:49490 Accepted
[Sun Sep  7 23:36:06 2025] [::1]:49480 [200]: GET /
[Sun Sep  7 23:36:06 2025] [::1]:49480 Closing
[Sun Sep  7 23:36:06 2025] [::1]:49490 [200]: GET /css/style.css
[Sun Sep  7 23:36:06 2025] [::1]:49490 Closing
[Sun Sep  7 23:36:22 2025] [::1]:49376 Accepted
[Sun Sep  7 23:36:22 2025] [::1]:49380 Accepted
[Sun Sep  7 23:36:22 2025] [::1]:49376 [200]: GET /admin/
[Sun Sep  7 23:36:22 2025] [::1]:49376 Closing
[Sun Sep  7 23:36:22 2025] [::1]:49380 [200]: GET /css/style.css
[Sun Sep  7 23:36:22 2025] [::1]:49380 Closing
[Sun Sep  7 23:36:39 2025] [::1]:36054 Accepted
[Sun Sep  7 23:36:39 2025] [::1]:36058 Accepted
[Sun Sep  7 23:36:39 2025] [::1]:36054 [200]: GET /search.php?q=drug
[Sun Sep  7 23:36:39 2025] [::1]:36054 Closing
[Sun Sep  7 23:36:39 2025] [::1]:36058 [200]: GET /css/style.css
[Sun Sep  7 23:36:39 2025] [::1]:36058 Closing
[Sun Sep  7 23:36:57 2025] [::1]:42722 Accepted
[Sun Sep  7 23:36:57 2025] [::1]:42730 Accepted
[Sun Sep  7 23:36:57 2025] [::1]:42722 [200]: GET /admin/create.php
[Sun Sep  7 23:36:57 2025] [::1]:42722 Closing
[Sun Sep  7 23:36:57 2025] [::1]:42730 [200]: GET /css/style.css
[Sun Sep  7 23:36:57 2025] [::1]:42730 Closing
